<?xml version="1.0" encoding="UTF-8"?>
<testng-results ignored="0" total="1" passed="1" failed="0" skipped="0">
  <reporter-output>
  </reporter-output>
  <suite started-at="2024-01-12T14:47:11 IST" name="Default suite" finished-at="2024-01-12T14:47:17 IST" duration-ms="6624">
    <groups>
    </groups>
    <test started-at="2024-01-12T14:47:11 IST" name="Default test" finished-at="2024-01-12T14:47:17 IST" duration-ms="6624">
      <class name="TestLayer.CreateAccountPageTest">
        <test-method is-config="true" signature="setUp()[pri:0, instance:TestLayer.CreateAccountPageTest@6fdbe764]" started-at="2024-01-12T14:47:11 IST" name="setUp" finished-at="2024-01-12T14:47:16 IST" duration-ms="5373" status="PASS">
          <reporter-output>
          </reporter-output>
        </test-method> <!-- setUp -->
        <test-method signature="validateNewMemberAccountUser()[pri:0, instance:TestLayer.CreateAccountPageTest@6fdbe764]" started-at="2024-01-12T14:47:16 IST" name="validateNewMemberAccountUser" finished-at="2024-01-12T14:47:17 IST" duration-ms="1204" status="PASS">
          <reporter-output>
          </reporter-output>
        </test-method> <!-- validateNewMemberAccountUser -->
        <test-method is-config="true" signature="tearDown()[pri:0, instance:TestLayer.CreateAccountPageTest@6fdbe764]" started-at="2024-01-12T14:47:17 IST" name="tearDown" finished-at="2024-01-12T14:47:17 IST" duration-ms="1" status="PASS">
          <reporter-output>
          </reporter-output>
        </test-method> <!-- tearDown -->
      </class> <!-- TestLayer.CreateAccountPageTest -->
    </test> <!-- Default test -->
  </suite> <!-- Default suite -->
</testng-results>
